build/app/intermediates/manifest_merge_blame_file/release/manifest-merger-blame-release-report.txt
1<?xml version="1.0" encoding="utf-8"?>
2<manifest xmlns:android="http://schemas.android.com/apk/res/android"
3    package="com.mysecurityjojma.dev"
4    android:versionCode="1"
5    android:versionName="1.0.0" >
6
7    <uses-sdk
8        android:minSdkVersion="21"
8-->src/main/AndroidManifest.xml
9        android:targetSdkVersion="33" />
9-->src/main/AndroidManifest.xml
10
11    <uses-permission android:name="android.permission.USE_BIOMETRIC" />
11-->src/main/AndroidManifest.xml:2:5-71
11-->src/main/AndroidManifest.xml:2:22-69
12    <uses-permission android:name="android.permission.INTERNET" />
12-->src/main/AndroidManifest.xml:3:5-66
12-->src/main/AndroidManifest.xml:3:22-64
13    <uses-permission android:name="android.permission.ACCESS_FINE_LOCATION" />
13-->src/main/AndroidManifest.xml:4:5-78
13-->src/main/AndroidManifest.xml:4:22-76
14    <uses-permission android:name="android.permission.ACCESS_COARSE_LOCATION" />
14-->src/main/AndroidManifest.xml:5:5-80
14-->src/main/AndroidManifest.xml:5:22-78
15    <uses-permission android:name="android.permission.ACCESS_NETWORK_STATE" /> <!-- suppress DeprecatedClassUsageInspection -->
15-->[com.google.firebase:firebase-auth:22.1.1] AndroidManifest.xml:26:5-79
15-->[com.google.firebase:firebase-auth:22.1.1] AndroidManifest.xml:26:22-76
16    <uses-permission android:name="android.permission.USE_FINGERPRINT" />
16-->[androidx.biometric:biometric:1.1.0] AndroidManifest.xml:27:5-74
16-->[androidx.biometric:biometric:1.1.0] AndroidManifest.xml:27:22-71
17
18    <uses-feature
18-->[com.google.android.gms:play-services-maps:18.1.0] AndroidManifest.xml:26:5-28:35
19        android:glEsVersion="0x00020000"
19-->[com.google.android.gms:play-services-maps:18.1.0] AndroidManifest.xml:27:9-41
20        android:required="true" />
20-->[com.google.android.gms:play-services-maps:18.1.0] AndroidManifest.xml:28:9-32
21
22    <queries>
22-->[com.google.android.gms:play-services-maps:18.1.0] AndroidManifest.xml:30:5-34:15
23
24        <!-- Needs to be explicitly declared on Android R+ -->
25        <package android:name="com.google.android.apps.maps" />
25-->[com.google.android.gms:play-services-maps:18.1.0] AndroidManifest.xml:33:9-64
25-->[com.google.android.gms:play-services-maps:18.1.0] AndroidManifest.xml:33:18-61
26        <package android:name="com.facebook.katana" />
26-->[com.facebook.android:facebook-common:16.0.1] AndroidManifest.xml:18:9-55
26-->[com.facebook.android:facebook-common:16.0.1] AndroidManifest.xml:18:18-52
27    </queries>
28
29    <uses-permission android:name="com.google.android.gms.permission.AD_ID" />
29-->[com.facebook.android:facebook-core:16.0.1] AndroidManifest.xml:16:5-79
29-->[com.facebook.android:facebook-core:16.0.1] AndroidManifest.xml:16:22-76
30
31    <permission
31-->[androidx.core:core:1.10.1] AndroidManifest.xml:22:5-24:47
32        android:name="com.mysecurityjojma.dev.DYNAMIC_RECEIVER_NOT_EXPORTED_PERMISSION"
32-->[androidx.core:core:1.10.1] AndroidManifest.xml:23:9-81
33        android:protectionLevel="signature" />
33-->[androidx.core:core:1.10.1] AndroidManifest.xml:24:9-44
34
35    <uses-permission android:name="com.mysecurityjojma.dev.DYNAMIC_RECEIVER_NOT_EXPORTED_PERMISSION" />
35-->[androidx.core:core:1.10.1] AndroidManifest.xml:26:5-97
35-->[androidx.core:core:1.10.1] AndroidManifest.xml:26:22-94
36    <uses-permission android:name="com.google.android.finsky.permission.BIND_GET_INSTALL_REFERRER_SERVICE" />
36-->[com.android.installreferrer:installreferrer:1.0] AndroidManifest.xml:9:5-110
36-->[com.android.installreferrer:installreferrer:1.0] AndroidManifest.xml:9:22-107
37
38    <application
39        android:name="android.app.Application"
39-->src/main/AndroidManifest.xml:8:9-42
40        android:appComponentFactory="androidx.core.app.CoreComponentFactory"
40-->[androidx.core:core:1.10.1] AndroidManifest.xml:28:18-86
41        android:icon="@mipmap/ic_launcher"
41-->src/main/AndroidManifest.xml:9:9-43
42        android:label="appsemillero"
42-->src/main/AndroidManifest.xml:7:9-37
43        android:supportsRtl="true" >
43-->[com.facebook.android:facebook-android-sdk:8.2.0] AndroidManifest.xml:28:18-44
44        <meta-data
44-->src/main/AndroidManifest.xml:11:9-107
45            android:name="com.facebook.sdk.ApplicationId"
45-->src/main/AndroidManifest.xml:11:20-65
46            android:value="@string/facebook_app_id" />
46-->src/main/AndroidManifest.xml:11:66-105
47        <meta-data
47-->src/main/AndroidManifest.xml:12:9-111
48            android:name="com.facebook.sdk.ClientToken"
48-->src/main/AndroidManifest.xml:12:20-63
49            android:value="@string/facebook_client_token" />
49-->src/main/AndroidManifest.xml:12:64-109
50
51        <activity
51-->src/main/AndroidManifest.xml:13:9-16:39
52            android:name="com.facebook.FacebookActivity"
52-->src/main/AndroidManifest.xml:13:19-63
53            android:configChanges="keyboard|keyboardHidden|screenLayout|screenSize|orientation"
53-->src/main/AndroidManifest.xml:14:13-113
54            android:label="JojmaUL"
54-->src/main/AndroidManifest.xml:16:13-36
55            android:theme="@style/com_facebook_activity_theme" />
55-->[com.facebook.android:facebook-common:16.0.1] AndroidManifest.xml:25:13-63
56        <activity
56-->src/main/AndroidManifest.xml:17:9-26:20
57            android:name="com.facebook.CustomTabActivity"
57-->src/main/AndroidManifest.xml:18:13-58
58            android:exported="true" >
58-->src/main/AndroidManifest.xml:19:13-36
59            <intent-filter>
59-->src/main/AndroidManifest.xml:20:13-25:29
60                <action android:name="android.intent.action.VIEW" />
60-->src/main/AndroidManifest.xml:21:17-69
60-->src/main/AndroidManifest.xml:21:25-66
61
62                <category android:name="android.intent.category.DEFAULT" />
62-->src/main/AndroidManifest.xml:22:17-76
62-->src/main/AndroidManifest.xml:22:27-73
63                <category android:name="android.intent.category.BROWSABLE" />
63-->src/main/AndroidManifest.xml:23:17-78
63-->src/main/AndroidManifest.xml:23:27-75
64
65                <data android:scheme="@string/fb_login_protocol_scheme" />
65-->src/main/AndroidManifest.xml:24:17-75
65-->src/main/AndroidManifest.xml:24:23-72
66            </intent-filter>
67            <intent-filter>
67-->[com.facebook.android:facebook-common:16.0.1] AndroidManifest.xml:31:13-40:29
68                <action android:name="android.intent.action.VIEW" />
68-->src/main/AndroidManifest.xml:21:17-69
68-->src/main/AndroidManifest.xml:21:25-66
69
70                <category android:name="android.intent.category.DEFAULT" />
70-->src/main/AndroidManifest.xml:22:17-76
70-->src/main/AndroidManifest.xml:22:27-73
71                <category android:name="android.intent.category.BROWSABLE" />
71-->src/main/AndroidManifest.xml:23:17-78
71-->src/main/AndroidManifest.xml:23:27-75
72
73                <data
73-->src/main/AndroidManifest.xml:24:17-75
74                    android:host="cct.com.mysecurityjojma.dev"
75                    android:scheme="fbconnect" />
75-->src/main/AndroidManifest.xml:24:23-72
76            </intent-filter>
77        </activity>
78        <activity
78-->src/main/AndroidManifest.xml:27:9-47:20
79            android:name="com.mysecurityjojma.dev.MainActivity"
79-->src/main/AndroidManifest.xml:28:13-41
80            android:configChanges="orientation|keyboardHidden|keyboard|screenSize|smallestScreenSize|locale|layoutDirection|fontScale|screenLayout|density|uiMode"
80-->src/main/AndroidManifest.xml:32:13-163
81            android:exported="true"
81-->src/main/AndroidManifest.xml:29:13-36
82            android:hardwareAccelerated="true"
82-->src/main/AndroidManifest.xml:33:13-47
83            android:launchMode="singleTop"
83-->src/main/AndroidManifest.xml:30:13-43
84            android:theme="@style/LaunchTheme"
84-->src/main/AndroidManifest.xml:31:13-47
85            android:windowSoftInputMode="adjustResize" >
85-->src/main/AndroidManifest.xml:34:13-55
86
87            <!--
88                 Specifies an Android theme to apply to this Activity as soon as
89                 the Android process has started. This theme is visible to the user
90                 while the Flutter UI initializes. After that, this theme continues
91                 to determine the Window background behind the Flutter UI.
92            -->
93            <meta-data
93-->src/main/AndroidManifest.xml:39:13-42:17
94                android:name="io.flutter.embedding.android.NormalTheme"
94-->src/main/AndroidManifest.xml:40:15-70
95                android:resource="@style/NormalTheme" />
95-->src/main/AndroidManifest.xml:41:15-52
96
97            <intent-filter>
97-->src/main/AndroidManifest.xml:43:13-46:29
98                <action android:name="android.intent.action.MAIN" />
98-->src/main/AndroidManifest.xml:44:17-68
98-->src/main/AndroidManifest.xml:44:25-66
99
100                <category android:name="android.intent.category.LAUNCHER" />
100-->src/main/AndroidManifest.xml:45:17-76
100-->src/main/AndroidManifest.xml:45:27-74
101            </intent-filter>
102        </activity>
103        <!--
104             Don't delete the meta-data below.
105             This is used by the Flutter tool to generate GeneratedPluginRegistrant.java
106        -->
107        <meta-data
107-->src/main/AndroidManifest.xml:50:9-52:33
108            android:name="flutterEmbedding"
108-->src/main/AndroidManifest.xml:51:13-44
109            android:value="2" />
109-->src/main/AndroidManifest.xml:52:13-30
110
111        <service
111-->[:firebase_auth] AndroidManifest.xml:10:9-14:19
112            android:name="com.google.firebase.components.ComponentDiscoveryService"
112-->[:firebase_auth] AndroidManifest.xml:10:18-89
113            android:directBootAware="true"
113-->[com.google.firebase:firebase-common:20.3.3] AndroidManifest.xml:34:13-43
114            android:exported="false" >
114-->[com.google.firebase:firebase-auth:22.1.1] AndroidManifest.xml:68:13-37
115            <meta-data
115-->[:firebase_auth] AndroidManifest.xml:11:13-13:85
116                android:name="com.google.firebase.components:io.flutter.plugins.firebase.auth.FlutterFirebaseAuthRegistrar"
116-->[:firebase_auth] AndroidManifest.xml:12:17-124
117                android:value="com.google.firebase.components.ComponentRegistrar" />
117-->[:firebase_auth] AndroidManifest.xml:13:17-82
118            <meta-data
118-->[:firebase_core] AndroidManifest.xml:11:13-13:85
119                android:name="com.google.firebase.components:io.flutter.plugins.firebase.core.FlutterFirebaseCoreRegistrar"
119-->[:firebase_core] AndroidManifest.xml:12:17-124
120                android:value="com.google.firebase.components.ComponentRegistrar" />
120-->[:firebase_core] AndroidManifest.xml:13:17-82
121            <meta-data
121-->[com.google.firebase:firebase-auth:22.1.1] AndroidManifest.xml:69:13-71:85
122                android:name="com.google.firebase.components:com.google.firebase.auth.FirebaseAuthRegistrar"
122-->[com.google.firebase:firebase-auth:22.1.1] AndroidManifest.xml:70:17-109
123                android:value="com.google.firebase.components.ComponentRegistrar" />
123-->[com.google.firebase:firebase-auth:22.1.1] AndroidManifest.xml:71:17-82
124        </service>
125        <service
125-->[:geolocator_android] AndroidManifest.xml:10:9-14:56
126            android:name="com.baseflow.geolocator.GeolocatorLocationService"
126-->[:geolocator_android] AndroidManifest.xml:11:13-77
127            android:enabled="true"
127-->[:geolocator_android] AndroidManifest.xml:12:13-35
128            android:exported="false"
128-->[:geolocator_android] AndroidManifest.xml:13:13-37
129            android:foregroundServiceType="location" />
129-->[:geolocator_android] AndroidManifest.xml:14:13-53
130
131        <provider
131-->[:image_picker_android] AndroidManifest.xml:10:9-18:20
132            android:name="io.flutter.plugins.imagepicker.ImagePickerFileProvider"
132-->[:image_picker_android] AndroidManifest.xml:11:13-82
133            android:authorities="com.mysecurityjojma.dev.flutter.image_provider"
133-->[:image_picker_android] AndroidManifest.xml:12:13-74
134            android:exported="false"
134-->[:image_picker_android] AndroidManifest.xml:13:13-37
135            android:grantUriPermissions="true" >
135-->[:image_picker_android] AndroidManifest.xml:14:13-47
136            <meta-data
136-->[:image_picker_android] AndroidManifest.xml:15:13-17:75
137                android:name="android.support.FILE_PROVIDER_PATHS"
137-->[:image_picker_android] AndroidManifest.xml:16:17-67
138                android:resource="@xml/flutter_image_picker_file_paths" />
138-->[:image_picker_android] AndroidManifest.xml:17:17-72
139        </provider>
140
141        <activity
141-->[com.google.firebase:firebase-auth:22.1.1] AndroidManifest.xml:29:9-46:20
142            android:name="com.google.firebase.auth.internal.GenericIdpActivity"
142-->[com.google.firebase:firebase-auth:22.1.1] AndroidManifest.xml:30:13-80
143            android:excludeFromRecents="true"
143-->[com.google.firebase:firebase-auth:22.1.1] AndroidManifest.xml:31:13-46
144            android:exported="true"
144-->[com.google.firebase:firebase-auth:22.1.1] AndroidManifest.xml:32:13-36
145            android:launchMode="singleTask"
145-->[com.google.firebase:firebase-auth:22.1.1] AndroidManifest.xml:33:13-44
146            android:theme="@android:style/Theme.Translucent.NoTitleBar" >
146-->[com.google.firebase:firebase-auth:22.1.1] AndroidManifest.xml:34:13-72
147            <intent-filter>
147-->[com.google.firebase:firebase-auth:22.1.1] AndroidManifest.xml:35:13-45:29
148                <action android:name="android.intent.action.VIEW" />
148-->src/main/AndroidManifest.xml:21:17-69
148-->src/main/AndroidManifest.xml:21:25-66
149
150                <category android:name="android.intent.category.DEFAULT" />
150-->src/main/AndroidManifest.xml:22:17-76
150-->src/main/AndroidManifest.xml:22:27-73
151                <category android:name="android.intent.category.BROWSABLE" />
151-->src/main/AndroidManifest.xml:23:17-78
151-->src/main/AndroidManifest.xml:23:27-75
152
153                <data
153-->src/main/AndroidManifest.xml:24:17-75
154                    android:host="firebase.auth"
155                    android:path="/"
156                    android:scheme="genericidp" />
156-->src/main/AndroidManifest.xml:24:23-72
157            </intent-filter>
158        </activity>
159        <activity
159-->[com.google.firebase:firebase-auth:22.1.1] AndroidManifest.xml:47:9-64:20
160            android:name="com.google.firebase.auth.internal.RecaptchaActivity"
160-->[com.google.firebase:firebase-auth:22.1.1] AndroidManifest.xml:48:13-79
161            android:excludeFromRecents="true"
161-->[com.google.firebase:firebase-auth:22.1.1] AndroidManifest.xml:49:13-46
162            android:exported="true"
162-->[com.google.firebase:firebase-auth:22.1.1] AndroidManifest.xml:50:13-36
163            android:launchMode="singleTask"
163-->[com.google.firebase:firebase-auth:22.1.1] AndroidManifest.xml:51:13-44
164            android:theme="@android:style/Theme.Translucent.NoTitleBar" >
164-->[com.google.firebase:firebase-auth:22.1.1] AndroidManifest.xml:52:13-72
165            <intent-filter>
165-->[com.google.firebase:firebase-auth:22.1.1] AndroidManifest.xml:53:13-63:29
166                <action android:name="android.intent.action.VIEW" />
166-->src/main/AndroidManifest.xml:21:17-69
166-->src/main/AndroidManifest.xml:21:25-66
167
168                <category android:name="android.intent.category.DEFAULT" />
168-->src/main/AndroidManifest.xml:22:17-76
168-->src/main/AndroidManifest.xml:22:27-73
169                <category android:name="android.intent.category.BROWSABLE" />
169-->src/main/AndroidManifest.xml:23:17-78
169-->src/main/AndroidManifest.xml:23:27-75
170
171                <data
171-->src/main/AndroidManifest.xml:24:17-75
172                    android:host="firebase.auth"
173                    android:path="/"
174                    android:scheme="recaptcha" />
174-->src/main/AndroidManifest.xml:24:23-72
175            </intent-filter>
176        </activity> <!-- Needs to be explicitly declared on P+ -->
177        <uses-library
177-->[com.google.android.gms:play-services-maps:18.1.0] AndroidManifest.xml:39:9-41:40
178            android:name="org.apache.http.legacy"
178-->[com.google.android.gms:play-services-maps:18.1.0] AndroidManifest.xml:40:13-50
179            android:required="false" />
179-->[com.google.android.gms:play-services-maps:18.1.0] AndroidManifest.xml:41:13-37
180
181        <activity
181-->[com.google.android.gms:play-services-auth:20.6.0] AndroidManifest.xml:23:9-27:75
182            android:name="com.google.android.gms.auth.api.signin.internal.SignInHubActivity"
182-->[com.google.android.gms:play-services-auth:20.6.0] AndroidManifest.xml:24:13-93
183            android:excludeFromRecents="true"
183-->[com.google.android.gms:play-services-auth:20.6.0] AndroidManifest.xml:25:13-46
184            android:exported="false"
184-->[com.google.android.gms:play-services-auth:20.6.0] AndroidManifest.xml:26:13-37
185            android:theme="@android:style/Theme.Translucent.NoTitleBar" />
185-->[com.google.android.gms:play-services-auth:20.6.0] AndroidManifest.xml:27:13-72
186        <!--
187            Service handling Google Sign-In user revocation. For apps that do not integrate with
188            Google Sign-In, this service will never be started.
189        -->
190        <service
190-->[com.google.android.gms:play-services-auth:20.6.0] AndroidManifest.xml:33:9-37:51
191            android:name="com.google.android.gms.auth.api.signin.RevocationBoundService"
191-->[com.google.android.gms:play-services-auth:20.6.0] AndroidManifest.xml:34:13-89
192            android:exported="true"
192-->[com.google.android.gms:play-services-auth:20.6.0] AndroidManifest.xml:35:13-36
193            android:permission="com.google.android.gms.auth.api.signin.permission.REVOCATION_NOTIFICATION"
193-->[com.google.android.gms:play-services-auth:20.6.0] AndroidManifest.xml:36:13-107
194            android:visibleToInstantApps="true" />
194-->[com.google.android.gms:play-services-auth:20.6.0] AndroidManifest.xml:37:13-48
195
196        <activity
196-->[com.google.android.gms:play-services-base:18.1.0] AndroidManifest.xml:20:9-22:45
197            android:name="com.google.android.gms.common.api.GoogleApiActivity"
197-->[com.google.android.gms:play-services-base:18.1.0] AndroidManifest.xml:20:19-85
198            android:exported="false"
198-->[com.google.android.gms:play-services-base:18.1.0] AndroidManifest.xml:22:19-43
199            android:theme="@android:style/Theme.Translucent.NoTitleBar" />
199-->[com.google.android.gms:play-services-base:18.1.0] AndroidManifest.xml:21:19-78
200        <activity android:name="com.facebook.CustomTabMainActivity" />
200-->[com.facebook.android:facebook-common:16.0.1] AndroidManifest.xml:26:9-71
200-->[com.facebook.android:facebook-common:16.0.1] AndroidManifest.xml:26:19-68
201
202        <provider
202-->[com.google.firebase:firebase-common:20.3.3] AndroidManifest.xml:25:9-30:39
203            android:name="com.google.firebase.provider.FirebaseInitProvider"
203-->[com.google.firebase:firebase-common:20.3.3] AndroidManifest.xml:26:13-77
204            android:authorities="com.mysecurityjojma.dev.firebaseinitprovider"
204-->[com.google.firebase:firebase-common:20.3.3] AndroidManifest.xml:27:13-72
205            android:directBootAware="true"
205-->[com.google.firebase:firebase-common:20.3.3] AndroidManifest.xml:28:13-43
206            android:exported="false"
206-->[com.google.firebase:firebase-common:20.3.3] AndroidManifest.xml:29:13-37
207            android:initOrder="100" />
207-->[com.google.firebase:firebase-common:20.3.3] AndroidManifest.xml:30:13-36
208
209        <meta-data
209-->[com.google.android.gms:play-services-basement:18.2.0] AndroidManifest.xml:21:9-23:69
210            android:name="com.google.android.gms.version"
210-->[com.google.android.gms:play-services-basement:18.2.0] AndroidManifest.xml:22:13-58
211            android:value="@integer/google_play_services_version" />
211-->[com.google.android.gms:play-services-basement:18.2.0] AndroidManifest.xml:23:13-66
212        <!--
213         The initialization ContentProvider will call FacebookSdk.sdkInitialize automatically
214         with the application context. This config is merged in with the host app's manifest,
215         but there can only be one provider with the same authority activated at any given
216         point; so if the end user has two or more different apps that use Facebook SDK, only the
217         first one will be able to use the provider. To work around this problem, we use the
218         following placeholder in the authority to identify each host application as if it was
219         a completely different provider.
220        -->
221        <provider
221-->[com.facebook.android:facebook-core:16.0.1] AndroidManifest.xml:29:9-32:40
222            android:name="com.facebook.internal.FacebookInitProvider"
222-->[com.facebook.android:facebook-core:16.0.1] AndroidManifest.xml:30:13-70
223            android:authorities="com.mysecurityjojma.dev.FacebookInitProvider"
223-->[com.facebook.android:facebook-core:16.0.1] AndroidManifest.xml:31:13-72
224            android:exported="false" />
224-->[com.facebook.android:facebook-core:16.0.1] AndroidManifest.xml:32:13-37
225
226        <receiver
226-->[com.facebook.android:facebook-core:16.0.1] AndroidManifest.xml:34:9-40:20
227            android:name="com.facebook.CurrentAccessTokenExpirationBroadcastReceiver"
227-->[com.facebook.android:facebook-core:16.0.1] AndroidManifest.xml:35:13-86
228            android:exported="false" >
228-->[com.facebook.android:facebook-core:16.0.1] AndroidManifest.xml:36:13-37
229            <intent-filter>
229-->[com.facebook.android:facebook-core:16.0.1] AndroidManifest.xml:37:13-39:29
230                <action android:name="com.facebook.sdk.ACTION_CURRENT_ACCESS_TOKEN_CHANGED" />
230-->[com.facebook.android:facebook-core:16.0.1] AndroidManifest.xml:38:17-95
230-->[com.facebook.android:facebook-core:16.0.1] AndroidManifest.xml:38:25-92
231            </intent-filter>
232        </receiver>
233        <receiver
233-->[com.facebook.android:facebook-core:16.0.1] AndroidManifest.xml:41:9-47:20
234            android:name="com.facebook.AuthenticationTokenManager$CurrentAuthenticationTokenChangedBroadcastReceiver"
234-->[com.facebook.android:facebook-core:16.0.1] AndroidManifest.xml:42:13-118
235            android:exported="false" >
235-->[com.facebook.android:facebook-core:16.0.1] AndroidManifest.xml:43:13-37
236            <intent-filter>
236-->[com.facebook.android:facebook-core:16.0.1] AndroidManifest.xml:44:13-46:29
237                <action android:name="com.facebook.sdk.ACTION_CURRENT_AUTHENTICATION_TOKEN_CHANGED" />
237-->[com.facebook.android:facebook-core:16.0.1] AndroidManifest.xml:45:17-103
237-->[com.facebook.android:facebook-core:16.0.1] AndroidManifest.xml:45:25-100
238            </intent-filter>
239        </receiver>
240
241        <uses-library
241-->[androidx.window:window:1.0.0-beta04] AndroidManifest.xml:25:9-27:40
242            android:name="androidx.window.extensions"
242-->[androidx.window:window:1.0.0-beta04] AndroidManifest.xml:26:13-54
243            android:required="false" />
243-->[androidx.window:window:1.0.0-beta04] AndroidManifest.xml:27:13-37
244        <uses-library
244-->[androidx.window:window:1.0.0-beta04] AndroidManifest.xml:28:9-30:40
245            android:name="androidx.window.sidecar"
245-->[androidx.window:window:1.0.0-beta04] AndroidManifest.xml:29:13-51
246            android:required="false" />
246-->[androidx.window:window:1.0.0-beta04] AndroidManifest.xml:30:13-37
247
248        <provider
248-->[androidx.profileinstaller:profileinstaller:1.3.0] AndroidManifest.xml:24:9-32:20
249            android:name="androidx.startup.InitializationProvider"
249-->[androidx.profileinstaller:profileinstaller:1.3.0] AndroidManifest.xml:25:13-67
250            android:authorities="com.mysecurityjojma.dev.androidx-startup"
250-->[androidx.profileinstaller:profileinstaller:1.3.0] AndroidManifest.xml:26:13-68
251            android:exported="false" >
251-->[androidx.profileinstaller:profileinstaller:1.3.0] AndroidManifest.xml:27:13-37
252            <meta-data
252-->[androidx.profileinstaller:profileinstaller:1.3.0] AndroidManifest.xml:29:13-31:52
253                android:name="androidx.profileinstaller.ProfileInstallerInitializer"
253-->[androidx.profileinstaller:profileinstaller:1.3.0] AndroidManifest.xml:30:17-85
254                android:value="androidx.startup" />
254-->[androidx.profileinstaller:profileinstaller:1.3.0] AndroidManifest.xml:31:17-49
255        </provider>
256
257        <receiver
257-->[androidx.profileinstaller:profileinstaller:1.3.0] AndroidManifest.xml:34:9-52:20
258            android:name="androidx.profileinstaller.ProfileInstallReceiver"
258-->[androidx.profileinstaller:profileinstaller:1.3.0] AndroidManifest.xml:35:13-76
259            android:directBootAware="false"
259-->[androidx.profileinstaller:profileinstaller:1.3.0] AndroidManifest.xml:36:13-44
260            android:enabled="true"
260-->[androidx.profileinstaller:profileinstaller:1.3.0] AndroidManifest.xml:37:13-35
261            android:exported="true"
261-->[androidx.profileinstaller:profileinstaller:1.3.0] AndroidManifest.xml:38:13-36
262            android:permission="android.permission.DUMP" >
262-->[androidx.profileinstaller:profileinstaller:1.3.0] AndroidManifest.xml:39:13-57
263            <intent-filter>
263-->[androidx.profileinstaller:profileinstaller:1.3.0] AndroidManifest.xml:40:13-42:29
264                <action android:name="androidx.profileinstaller.action.INSTALL_PROFILE" />
264-->[androidx.profileinstaller:profileinstaller:1.3.0] AndroidManifest.xml:41:17-91
264-->[androidx.profileinstaller:profileinstaller:1.3.0] AndroidManifest.xml:41:25-88
265            </intent-filter>
266            <intent-filter>
266-->[androidx.profileinstaller:profileinstaller:1.3.0] AndroidManifest.xml:43:13-45:29
267                <action android:name="androidx.profileinstaller.action.SKIP_FILE" />
267-->[androidx.profileinstaller:profileinstaller:1.3.0] AndroidManifest.xml:44:17-85
267-->[androidx.profileinstaller:profileinstaller:1.3.0] AndroidManifest.xml:44:25-82
268            </intent-filter>
269            <intent-filter>
269-->[androidx.profileinstaller:profileinstaller:1.3.0] AndroidManifest.xml:46:13-48:29
270                <action android:name="androidx.profileinstaller.action.SAVE_PROFILE" />
270-->[androidx.profileinstaller:profileinstaller:1.3.0] AndroidManifest.xml:47:17-88
270-->[androidx.profileinstaller:profileinstaller:1.3.0] AndroidManifest.xml:47:25-85
271            </intent-filter>
272            <intent-filter>
272-->[androidx.profileinstaller:profileinstaller:1.3.0] AndroidManifest.xml:49:13-51:29
273                <action android:name="androidx.profileinstaller.action.BENCHMARK_OPERATION" />
273-->[androidx.profileinstaller:profileinstaller:1.3.0] AndroidManifest.xml:50:17-95
273-->[androidx.profileinstaller:profileinstaller:1.3.0] AndroidManifest.xml:50:25-92
274            </intent-filter>
275        </receiver>
276    </application>
277
278</manifest>